<?xml version="1.0" encoding="UTF-8"?>
<testsuite name="com.example.MainTest" tests="1" skipped="0" failures="0" errors="0" timestamp="2024-07-31T02:12:54" hostname="DESKTOP-SR2G5R8" time="0.004">
  <properties/>
  <testcase name="testMain" classname="com.example.MainTest" time="0.004"/>
  <system-out><![CDATA[]]></system-out>
  <system-err><![CDATA[]]></system-err>
</testsuite>
